<?xml version="1.0" encoding="utf-8"?><testsuites name="pytest tests"><testsuite name="pytest" errors="0" failures="0" skipped="0" tests="8" time="1.420" timestamp="2026-04-25T21:16:51.179403+00:00" hostname="agent-env-6ca1f863-99f9-4a0a-9fc5-b9238be223ed"><testcase classname="backend.tests.test_iter7_seller_profile.TestSellerProfile" name="test_route_ordering_trending_still_works" time="0.288" /><testcase classname="backend.tests.test_iter7_seller_profile.TestSellerProfile" name="test_get_seller_by_id_happy" time="0.101" /><testcase classname="backend.tests.test_iter7_seller_profile.TestSellerProfile" name="test_seed_seller_biz_salama_specific" time="0.051" /><testcase classname="backend.tests.test_iter7_seller_profile.TestSellerProfile" name="test_get_seller_unknown_404" time="0.046" /><testcase classname="backend.tests.test_iter7_seller_profile.TestRegression" name="test_login" time="0.280" /><testcase classname="backend.tests.test_iter7_seller_profile.TestRegression" name="test_products_public" time="0.057" /><testcase classname="backend.tests.test_iter7_seller_profile.TestRegression" name="test_products_related" time="0.104" /><testcase classname="backend.tests.test_iter7_seller_profile.TestRegression" name="test_watches_smoke" time="0.381" /></testsuite></testsuites>