<?xml version="1.0" encoding="utf-8"?><testsuites name="pytest tests"><testsuite name="pytest" errors="0" failures="0" skipped="0" tests="8" time="3.357" timestamp="2026-04-24T07:52:21.443191+00:00" hostname="agent-env-6ca1f863-99f9-4a0a-9fc5-b9238be223ed"><testcase classname="backend.tests.test_iter3_features.TestVoiceListedProducts" name="test_voice_listed_endpoint_shape_and_limit" time="0.158" /><testcase classname="backend.tests.test_iter3_features.TestVoiceListedProducts" name="test_voice_listed_products_are_only_voice_flagged" time="0.633" /><testcase classname="backend.tests.test_iter3_features.TestVoiceListedProducts" name="test_create_product_with_listed_via_voice_persists" time="0.496" /><testcase classname="backend.tests.test_iter3_features.TestBuyerConfirmDelivery" name="test_invalid_token_returns_403" time="1.136" /><testcase classname="backend.tests.test_iter3_features.TestBuyerConfirmDelivery" name="test_missing_token_returns_422_or_403" time="0.104" /><testcase classname="backend.tests.test_iter3_features.TestBuyerConfirmDelivery" name="test_valid_token_not_paid_returns_400" time="0.110" /><testcase classname="backend.tests.test_iter3_features.TestBuyerConfirmDelivery" name="test_valid_token_paid_releases_escrow" time="0.513" /><testcase classname="backend.tests.test_iter3_features.TestOrdersRegression" name="test_get_nonexistent_order_returns_404" time="0.134" /></testsuite></testsuites>