<?xml version="1.0" encoding="utf-8"?><testsuites name="pytest tests"><testsuite name="pytest" errors="0" failures="0" skipped="0" tests="7" time="1.188" timestamp="2026-05-20T17:17:31.106963+00:00" hostname="agent-env-6ca1f863-99f9-4a0a-9fc5-b9238be223ed"><testcase classname="backend.tests.test_iter12_product_profile.TestCreateProduct" name="test_create_with_image_b64_roundtrips_and_returns_link_code" time="0.543" /><testcase classname="backend.tests.test_iter12_product_profile.TestCreateProduct" name="test_create_without_image_b64_still_succeeds" time="0.079" /><testcase classname="backend.tests.test_iter12_product_profile.TestCreateProduct" name="test_create_without_auth_returns_401" time="0.156" /><testcase classname="backend.tests.test_iter12_product_profile.TestUpdateProfile" name="test_profile_persists_new_fields" time="0.138" /><testcase classname="backend.tests.test_iter12_product_profile.TestUpdateProfile" name="test_profile_ignores_unknown_fields" time="0.069" /><testcase classname="backend.tests.test_iter12_product_profile.TestRegression" name="test_direct_escrow_create_returns_buyer_offer_url" time="0.085" /><testcase classname="backend.tests.test_iter12_product_profile.TestRegression" name="test_three_party_verify_endpoint_reachable" time="0.062" /></testsuite></testsuites>