<?xml version="1.0" encoding="utf-8"?><testsuites name="pytest tests"><testsuite name="pytest" errors="0" failures="0" skipped="0" tests="8" time="2.892" timestamp="2026-04-24T06:49:39.088734+00:00" hostname="agent-env-6ca1f863-99f9-4a0a-9fc5-b9238be223ed"><testcase classname="backend.tests.test_iter2_features.TestSEORender" name="test_landing_returns_html_with_og_and_jsonld" time="0.168" /><testcase classname="backend.tests.test_iter2_features.TestSEORender" name="test_marketplace_returns_itemlist_jsonld" time="0.116" /><testcase classname="backend.tests.test_iter2_features.TestSEORender" name="test_product_page_samsung_a54" time="0.114" /><testcase classname="backend.tests.test_iter2_features.TestSEORender" name="test_product_page_404" time="0.159" /><testcase classname="backend.tests.test_iter2_features.TestMarketplaceSeed" name="test_public_products_count_and_fields" time="0.125" /><testcase classname="backend.tests.test_iter2_features.TestVoiceTranscribe" name="test_no_body_returns_422" time="0.131" /><testcase classname="backend.tests.test_iter2_features.TestVoiceTranscribe" name="test_valid_wav_returns_structured_json" time="1.073" /><testcase classname="backend.tests.test_iter2_features.TestVoiceTranscribe" name="test_oversize_returns_413" time="0.896" /></testsuite></testsuites>