<?xml version="1.0" encoding="utf-8"?><testsuites name="pytest tests"><testsuite name="pytest" errors="0" failures="1" skipped="0" tests="18" time="7.126" timestamp="2026-05-19T20:27:20.040899+00:00" hostname="agent-env-6ca1f863-99f9-4a0a-9fc5-b9238be223ed"><testcase classname="backend.tests.test_iter11_seller_onboarding" name="test_required_docs_public" time="0.254" /><testcase classname="backend.tests.test_iter11_seller_onboarding" name="test_start_requires_auth" time="0.148" /><testcase classname="backend.tests.test_iter11_seller_onboarding" name="test_start_missing_business_name" time="0.582" /><testcase classname="backend.tests.test_iter11_seller_onboarding" name="test_start_invalid_tin" time="0.218" /><testcase classname="backend.tests.test_iter11_seller_onboarding" name="test_phone_normalization_dup" time="0.280" /><testcase classname="backend.tests.test_iter11_seller_onboarding" name="test_phone_normalization_distinct" time="0.346" /><testcase classname="backend.tests.test_iter11_seller_onboarding" name="test_upload_doc_success" time="0.199" /><testcase classname="backend.tests.test_iter11_seller_onboarding" name="test_upload_invalid_doc_type" time="0.278" /><testcase classname="backend.tests.test_iter11_seller_onboarding" name="test_upload_empty_b64" time="0.194" /><testcase classname="backend.tests.test_iter11_seller_onboarding" name="test_submit_before_all_docs_uploaded" time="0.425" /><testcase classname="backend.tests.test_iter11_seller_onboarding" name="test_full_submit_flow_and_get_trims" time="0.605" /><testcase classname="backend.tests.test_iter11_seller_onboarding" name="test_admin_queue_403_for_non_admin" time="0.136" /><testcase classname="backend.tests.test_iter11_seller_onboarding" name="test_admin_flow_verified_creates_user" time="0.648" /><testcase classname="backend.tests.test_iter11_seller_onboarding" name="test_admin_flow_rejected_then_resubmit" time="0.737" /><testcase classname="backend.tests.test_iter11_seller_onboarding" name="test_regression_login_phone_formats" time="1.417" /><testcase classname="backend.tests.test_iter11_seller_onboarding" name="test_regression_public_products" time="0.171" /><testcase classname="backend.tests.test_iter11_seller_onboarding" name="test_regression_ledger_quote" time="0.120"><failure message="assert 422 == 200&#10; +  where 422 = &lt;Response [422]&gt;.status_code">backend/tests/test_iter11_seller_onboarding.py:373: in test_regression_ledger_quote
    assert r.status_code == 200
E   assert 422 == 200
E    +  where 422 = &lt;Response [422]&gt;.status_code</failure></testcase><testcase classname="backend.tests.test_iter11_seller_onboarding" name="test_regression_sellers_trending" time="0.128" /></testsuite></testsuites>