<?xml version="1.0" encoding="utf-8"?><testsuites name="pytest tests"><testsuite name="pytest" errors="0" failures="0" skipped="0" tests="22" time="7.471" timestamp="2026-04-29T14:16:49.094037+00:00" hostname="agent-env-6ca1f863-99f9-4a0a-9fc5-b9238be223ed"><testcase classname="backend.tests.test_iter10_ledger_http" name="test_ledger_accounts_returns_5_seeded" time="0.143" /><testcase classname="backend.tests.test_iter10_ledger_http" name="test_quote_direct_invariant" time="0.104" /><testcase classname="backend.tests.test_iter10_ledger_http" name="test_quote_three_party_invariant" time="0.150" /><testcase classname="backend.tests.test_iter10_ledger_http" name="test_quote_invalid_inputs_return_400[payload0]" time="0.108" /><testcase classname="backend.tests.test_iter10_ledger_http" name="test_quote_invalid_inputs_return_400[payload1]" time="0.157" /><testcase classname="backend.tests.test_iter10_ledger_http" name="test_quote_invalid_inputs_return_400[payload2]" time="0.108" /><testcase classname="backend.tests.test_iter10_ledger_http" name="test_quote_invalid_inputs_return_400[payload3]" time="0.120" /><testcase classname="backend.tests.test_iter10_ledger_http" name="test_webhook_funds_order_and_is_idempotent" time="1.049" /><testcase classname="backend.tests.test_iter10_ledger_http" name="test_webhook_amount_mismatch_400" time="0.241" /><testcase classname="backend.tests.test_iter10_ledger_http" name="test_release_buyer_only_and_balanced" time="0.594" /><testcase classname="backend.tests.test_iter10_ledger_http" name="test_release_non_buyer_403" time="0.368" /><testcase classname="backend.tests.test_iter10_ledger_http" name="test_release_non_funded_400" time="0.225" /><testcase classname="backend.tests.test_iter10_ledger_http" name="test_payouts_list_non_admin_scoped" time="0.109" /><testcase classname="backend.tests.test_iter10_ledger_http" name="test_payout_disburse_non_admin_403" time="0.105" /><testcase classname="backend.tests.test_iter10_ledger_http" name="test_payout_disburse_admin_path" time="0.561" /><testcase classname="backend.tests.test_iter10_ledger_http" name="test_dispute_lifecycle_open_and_resolve_admin" time="0.751" /><testcase classname="backend.tests.test_iter10_ledger_http" name="test_dispute_mutual_agree" time="0.631" /><testcase classname="backend.tests.test_iter10_ledger_http" name="test_disputes_list_non_admin_scoped" time="0.112" /><testcase classname="backend.tests.test_iter10_ledger_http" name="test_regression_login_phone_formats" time="1.350" /><testcase classname="backend.tests.test_iter10_ledger_http" name="test_regression_sellers_trending" time="0.106" /><testcase classname="backend.tests.test_iter10_ledger_http" name="test_regression_products_public" time="0.119" /><testcase classname="backend.tests.test_iter10_ledger_http" name="test_regression_watches_list" time="0.107" /></testsuite></testsuites>