<?xml version="1.0" encoding="utf-8"?><testsuites name="pytest tests"><testsuite name="pytest" errors="0" failures="0" skipped="0" tests="14" time="4.251" timestamp="2026-05-21T11:24:51.916219+00:00" hostname="agent-env-6ca1f863-99f9-4a0a-9fc5-b9238be223ed"><testcase classname="backend.tests.test_iter16_kyc_docs.TestKycAuth" name="test_unauthenticated_kyc_documents_returns_401" time="0.232" /><testcase classname="backend.tests.test_iter16_kyc_docs.TestKycAuth" name="test_authenticated_kyc_documents_shape" time="0.579" /><testcase classname="backend.tests.test_iter16_kyc_docs.TestKycUploadValidation" name="test_invalid_doc_type_returns_400" time="0.113" /><testcase classname="backend.tests.test_iter16_kyc_docs.TestKycUploadValidation" name="test_image_too_small_returns_400" time="0.117" /><testcase classname="backend.tests.test_iter16_kyc_docs.TestKycUploadValidation" name="test_image_too_large_returns_400" time="0.392" /><testcase classname="backend.tests.test_iter16_kyc_docs.TestKycUploadFlow" name="test_upload_all_five_then_submit" time="0.692" /><testcase classname="backend.tests.test_iter16_kyc_docs.TestKycUploadFlow" name="test_submit_with_missing_docs_returns_400" time="1.207" /><testcase classname="backend.tests.test_iter16_kyc_docs.TestAdminKycEndpoints" name="test_admin_get_seller_docs_excludes_image_b64" time="0.102" /><testcase classname="backend.tests.test_iter16_kyc_docs.TestAdminKycEndpoints" name="test_admin_get_nonexistent_user_404" time="0.155" /><testcase classname="backend.tests.test_iter16_kyc_docs.TestAdminKycEndpoints" name="test_admin_upload_doc_review_status_approved" time="0.104" /><testcase classname="backend.tests.test_iter16_kyc_docs.TestAdminKycEndpoints" name="test_admin_per_doc_reject" time="0.106" /><testcase classname="backend.tests.test_iter16_kyc_docs.TestAdminKycEndpoints" name="test_admin_whole_batch_approve_sets_is_verified" time="0.120" /><testcase classname="backend.tests.test_iter16_kyc_docs.TestAdminKycEndpoints" name="test_non_admin_review_returns_403" time="0.109" /><testcase classname="backend.tests.test_iter16_kyc_docs.TestAdminKycEndpoints" name="test_unauthenticated_admin_review_returns_401" time="0.108" /></testsuite></testsuites>