<?xml version="1.0" encoding="utf-8"?><testsuites name="pytest tests"><testsuite name="pytest" errors="0" failures="0" skipped="0" tests="8" time="2.631" timestamp="2026-04-25T20:05:09.173739+00:00" hostname="agent-env-6ca1f863-99f9-4a0a-9fc5-b9238be223ed"><testcase classname="backend.tests.test_iter5_discovery.TestTrendingSellers" name="test_default_response_shape" time="1.880" /><testcase classname="backend.tests.test_iter5_discovery.TestTrendingSellers" name="test_with_limit_and_seeded" time="0.057" /><testcase classname="backend.tests.test_iter5_discovery.TestRelatedProducts" name="test_unknown_id_returns_empty_no_500" time="0.049" /><testcase classname="backend.tests.test_iter5_discovery.TestRelatedProducts" name="test_related_for_real_product" time="0.099" /><testcase classname="backend.tests.test_iter5_discovery.TestLowestPriceTagging" name="test_public_products_lowest_price_flag" time="0.051" /><testcase classname="backend.tests.test_iter5_discovery.TestAuthRegression" name="test_login_seeded_user" time="0.276" /><testcase classname="backend.tests.test_iter5_discovery.TestVoiceAndThreeParty" name="test_voice_transcribe_endpoint_exists" time="0.049" /><testcase classname="backend.tests.test_iter5_discovery.TestVoiceAndThreeParty" name="test_three_party_known_tx_lookup" time="0.057" /></testsuite></testsuites>