<?xml version="1.0" encoding="utf-8"?><testsuites name="pytest tests"><testsuite name="pytest" errors="0" failures="0" skipped="0" tests="23" time="4.448" timestamp="2026-05-21T08:54:13.603263+00:00" hostname="agent-env-6ca1f863-99f9-4a0a-9fc5-b9238be223ed"><testcase classname="backend.tests.test_iter14_admin_sellers.TestSmoke" name="test_health" time="0.199" /><testcase classname="backend.tests.test_iter14_admin_sellers.TestSmoke" name="test_admin_can_login" time="0.392" /><testcase classname="backend.tests.test_iter14_admin_sellers.TestCreateSeller" name="test_unauthenticated_401" time="0.118" /><testcase classname="backend.tests.test_iter14_admin_sellers.TestCreateSeller" name="test_non_admin_403" time="0.369" /><testcase classname="backend.tests.test_iter14_admin_sellers.TestCreateSeller" name="test_create_full_payload_with_password_and_starter" time="0.631" /><testcase classname="backend.tests.test_iter14_admin_sellers.TestCreateSeller" name="test_create_without_password_sends_link" time="0.054" /><testcase classname="backend.tests.test_iter14_admin_sellers.TestCreateSeller" name="test_create_with_documents" time="0.641" /><testcase classname="backend.tests.test_iter14_admin_sellers.TestCreateSeller" name="test_duplicate_phone_409" time="0.050" /><testcase classname="backend.tests.test_iter14_admin_sellers.TestCreateSeller" name="test_invalid_phone_400" time="0.047" /><testcase classname="backend.tests.test_iter14_admin_sellers.TestCreateSeller" name="test_short_password_400" time="0.050" /><testcase classname="backend.tests.test_iter14_admin_sellers.TestCreateSeller" name="test_duplicate_email_409" time="0.321" /><testcase classname="backend.tests.test_iter14_admin_sellers.TestListSellers" name="test_list_wrapped" time="0.053" /><testcase classname="backend.tests.test_iter14_admin_sellers.TestListSellers" name="test_search_filters" time="0.050" /><testcase classname="backend.tests.test_iter14_admin_sellers.TestListSellers" name="test_non_admin_403" time="0.046" /><testcase classname="backend.tests.test_iter14_admin_sellers.TestUpdateSeller" name="test_update_fields_and_toggle_active" time="0.108" /><testcase classname="backend.tests.test_iter14_admin_sellers.TestResetPasswordFlow" name="test_resend_link" time="0.051" /><testcase classname="backend.tests.test_iter14_admin_sellers.TestResetPasswordFlow" name="test_set_password_with_token_short_password_400" time="0.103" /><testcase classname="backend.tests.test_iter14_admin_sellers.TestResetPasswordFlow" name="test_set_password_with_bogus_token_400" time="0.110" /><testcase classname="backend.tests.test_iter14_admin_sellers.TestResetPasswordFlow" name="test_set_password_valid_then_login" time="0.762" /><testcase classname="backend.tests.test_iter14_admin_sellers.TestRegression" name="test_products_mine" time="0.048" /><testcase classname="backend.tests.test_iter14_admin_sellers.TestRegression" name="test_admin_onboarding_queue" time="0.051" /><testcase classname="backend.tests.test_iter14_admin_sellers.TestRegression" name="test_admin_reconciliation" time="0.053" /><testcase classname="backend.tests.test_iter14_admin_sellers.TestRegression" name="test_admin_client_errors" time="0.053" /></testsuite></testsuites>