<?xml version="1.0" encoding="utf-8"?><testsuites name="pytest tests"><testsuite name="pytest" errors="0" failures="0" skipped="0" tests="19" time="4.914" timestamp="2026-04-25T22:37:44.185821+00:00" hostname="agent-env-6ca1f863-99f9-4a0a-9fc5-b9238be223ed"><testcase classname="backend.tests.test_iter8_stability.TestRegister" name="test_register_accepts_5_tz_formats" time="1.509" /><testcase classname="backend.tests.test_iter8_stability.TestRegister" name="test_register_rejects_invalid_phone[12345]" time="0.044" /><testcase classname="backend.tests.test_iter8_stability.TestRegister" name="test_register_rejects_invalid_phone[0123456789]" time="0.044" /><testcase classname="backend.tests.test_iter8_stability.TestRegister" name="test_register_rejects_invalid_phone[+1234567890]" time="0.045" /><testcase classname="backend.tests.test_iter8_stability.TestRegister" name="test_register_duplicate_returns_400_not_500" time="0.319" /><testcase classname="backend.tests.test_iter8_stability.TestLogin" name="test_login_all_5_formats_succeed[+255712345678]" time="0.279" /><testcase classname="backend.tests.test_iter8_stability.TestLogin" name="test_login_all_5_formats_succeed[255712345678]" time="0.326" /><testcase classname="backend.tests.test_iter8_stability.TestLogin" name="test_login_all_5_formats_succeed[0712345678]" time="0.270" /><testcase classname="backend.tests.test_iter8_stability.TestLogin" name="test_login_all_5_formats_succeed[712345678]" time="0.384" /><testcase classname="backend.tests.test_iter8_stability.TestLogin" name="test_login_all_5_formats_succeed[+255 712 345 678]" time="0.267" /><testcase classname="backend.tests.test_iter8_stability.TestLogin" name="test_login_wrong_password_401" time="0.267" /><testcase classname="backend.tests.test_iter8_stability.TestLogin" name="test_login_unknown_phone_4xx" time="0.046" /><testcase classname="backend.tests.test_iter8_stability.TestLogin" name="test_login_no_password_hash_user_returns_401_not_500" time="0.180" /><testcase classname="backend.tests.test_iter8_stability.TestLogin" name="test_login_response_uses_get_defaults" time="0.268" /><testcase classname="backend.tests.test_iter8_stability.TestWatchFanOut" name="test_watch_fanout_under_2s" time="0.413" /><testcase classname="backend.tests.test_iter8_stability.TestSupplierResponse" name="test_supplier_response_unknown_tx_returns_4xx_not_500" time="0.047" /><testcase classname="backend.tests.test_iter8_stability.TestSupplierResponse" name="test_supplier_response_known_tx_endpoint_responds_cleanly" time="0.046" /><testcase classname="backend.tests.test_iter8_stability.TestBuyerConfirm" name="test_buyer_confirm_unsigned_rejected" time="0.044" /><testcase classname="backend.tests.test_iter8_stability.TestBuyerConfirm" name="test_buyer_confirm_bad_token_rejected" time="0.044" /></testsuite></testsuites>