<?xml version="1.0" encoding="utf-8"?><testsuites name="pytest tests"><testsuite name="pytest" errors="0" failures="0" skipped="0" tests="14" time="3.230" timestamp="2026-05-21T06:13:39.197149+00:00" hostname="agent-env-6ca1f863-99f9-4a0a-9fc5-b9238be223ed"><testcase classname="backend.tests.test_iter13_my_products.TestGetMyProducts" name="test_authenticated_returns_wrapped" time="0.675" /><testcase classname="backend.tests.test_iter13_my_products.TestGetMyProducts" name="test_unauthenticated_returns_401" time="0.111" /><testcase classname="backend.tests.test_iter13_my_products.TestGetMyProducts" name="test_mine_includes_inactive" time="0.151" /><testcase classname="backend.tests.test_iter13_my_products.TestPatchProduct" name="test_owner_price_change_recalcs_fees_and_sets_updated_at" time="0.102" /><testcase classname="backend.tests.test_iter13_my_products.TestPatchProduct" name="test_empty_name_400" time="0.116" /><testcase classname="backend.tests.test_iter13_my_products.TestPatchProduct" name="test_zero_or_negative_price_400" time="0.145" /><testcase classname="backend.tests.test_iter13_my_products.TestPatchProduct" name="test_is_active_false_hides_from_public_seller_list" time="0.458" /><testcase classname="backend.tests.test_iter13_my_products.TestPatchProduct" name="test_non_owner_gets_404_not_info_leak" time="0.433" /><testcase classname="backend.tests.test_iter13_my_products.TestPatchProduct" name="test_unauthenticated_returns_401" time="0.162" /><testcase classname="backend.tests.test_iter13_my_products.TestPatchProduct" name="test_empty_body_is_noop_returns_current" time="0.103" /><testcase classname="backend.tests.test_iter13_my_products.TestPatchProduct" name="test_image_b64_replacement" time="0.149" /><testcase classname="backend.tests.test_iter13_my_products.TestDeleteProduct" name="test_owner_delete_succeeds_and_disappears_from_mine" time="0.206" /><testcase classname="backend.tests.test_iter13_my_products.TestDeleteProduct" name="test_non_owner_delete_returns_404" time="0.164" /><testcase classname="backend.tests.test_iter13_my_products.TestLegacyList" name="test_bare_list_no_wrap" time="0.052" /></testsuite></testsuites>