<?xml version="1.0" encoding="utf-8"?><testsuites name="pytest tests"><testsuite name="pytest" errors="0" failures="1" skipped="0" tests="48" time="11.879" timestamp="2026-04-25T22:31:21.580543+00:00" hostname="agent-env-6ca1f863-99f9-4a0a-9fc5-b9238be223ed"><testcase classname="backend.tests.test_iter8_stability.TestRegister" name="test_register_accepts_5_tz_formats" time="1.872" /><testcase classname="backend.tests.test_iter8_stability.TestRegister" name="test_register_rejects_invalid_phone[12345]" time="0.046" /><testcase classname="backend.tests.test_iter8_stability.TestRegister" name="test_register_rejects_invalid_phone[0123456789]" time="0.046" /><testcase classname="backend.tests.test_iter8_stability.TestRegister" name="test_register_rejects_invalid_phone[+1234567890]" time="0.045" /><testcase classname="backend.tests.test_iter8_stability.TestRegister" name="test_register_duplicate_returns_400_not_500" time="0.315" /><testcase classname="backend.tests.test_iter8_stability.TestLogin" name="test_login_all_5_formats_succeed[+255712345678]" time="0.271" /><testcase classname="backend.tests.test_iter8_stability.TestLogin" name="test_login_all_5_formats_succeed[255712345678]" time="0.269" /><testcase classname="backend.tests.test_iter8_stability.TestLogin" name="test_login_all_5_formats_succeed[0712345678]" time="0.269" /><testcase classname="backend.tests.test_iter8_stability.TestLogin" name="test_login_all_5_formats_succeed[712345678]" time="0.269" /><testcase classname="backend.tests.test_iter8_stability.TestLogin" name="test_login_all_5_formats_succeed[+255 712 345 678]" time="0.269" /><testcase classname="backend.tests.test_iter8_stability.TestLogin" name="test_login_wrong_password_401" time="0.275" /><testcase classname="backend.tests.test_iter8_stability.TestLogin" name="test_login_unknown_phone_4xx" time="0.046"><failure message="AssertionError: unknown phone expected 401/404 got 500&#10;assert 500 in (401, 404)&#10; +  where 500 = &lt;Response [500]&gt;.status_code">E   AssertionError: unknown phone expected 401/404 got 500
    assert 500 in (401, 404)
     +  where 500 = &lt;Response [500]&gt;.status_code</failure></testcase><testcase classname="backend.tests.test_iter8_stability.TestWatchFanOut" name="test_watch_fanout_under_2s" time="0.419" /><testcase classname="backend.tests.test_iter8_stability.TestSupplierResponse" name="test_supplier_response_unknown_tx_returns_4xx_not_500" time="0.050" /><testcase classname="backend.tests.test_iter8_stability.TestSupplierResponse" name="test_supplier_response_known_tx_endpoint_responds_cleanly" time="0.047" /><testcase classname="backend.tests.test_iter8_stability.TestBuyerConfirm" name="test_buyer_confirm_unsigned_rejected" time="0.043" /><testcase classname="backend.tests.test_iter8_stability.TestBuyerConfirm" name="test_buyer_confirm_bad_token_rejected" time="0.044" /><testcase classname="backend.tests.test_iter5_discovery.TestTrendingSellers" name="test_default_response_shape" time="0.109" /><testcase classname="backend.tests.test_iter5_discovery.TestTrendingSellers" name="test_with_limit_and_seeded" time="0.047" /><testcase classname="backend.tests.test_iter5_discovery.TestRelatedProducts" name="test_unknown_id_returns_empty_no_500" time="0.053" /><testcase classname="backend.tests.test_iter5_discovery.TestRelatedProducts" name="test_related_for_real_product" time="0.107" /><testcase classname="backend.tests.test_iter5_discovery.TestLowestPriceTagging" name="test_public_products_lowest_price_flag" time="0.059" /><testcase classname="backend.tests.test_iter5_discovery.TestAuthRegression" name="test_login_seeded_user" time="0.270" /><testcase classname="backend.tests.test_iter5_discovery.TestVoiceAndThreeParty" name="test_voice_transcribe_endpoint_exists" time="0.049" /><testcase classname="backend.tests.test_iter5_discovery.TestVoiceAndThreeParty" name="test_three_party_known_tx_lookup" time="0.051" /><testcase classname="backend.tests.test_iter6_watches.TestWatchesCRUD" name="test_create_watch" time="0.558" /><testcase classname="backend.tests.test_iter6_watches.TestWatchesCRUD" name="test_create_watch_idempotent" time="0.050" /><testcase classname="backend.tests.test_iter6_watches.TestWatchesCRUD" name="test_create_watch_unknown_product_404" time="0.048" /><testcase classname="backend.tests.test_iter6_watches.TestWatchesCRUD" name="test_create_watch_unauth" time="0.133" /><testcase classname="backend.tests.test_iter6_watches.TestWatchesCRUD" name="test_check_watch_true" time="0.067" /><testcase classname="backend.tests.test_iter6_watches.TestWatchesCRUD" name="test_check_watch_false" time="0.045" /><testcase classname="backend.tests.test_iter6_watches.TestWatchesCRUD" name="test_list_watches_shape" time="0.049" /><testcase classname="backend.tests.test_iter6_watches.TestPriceDropFanOut" name="test_alert_appended_when_cheaper_listed" time="1.108" /><testcase classname="backend.tests.test_iter6_watches.TestPriceDropFanOut" name="test_no_alert_when_not_cheaper" time="2.667" /><testcase classname="backend.tests.test_iter6_watches.TestWatchDelete" name="test_delete_unknown_404" time="0.060" /><testcase classname="backend.tests.test_iter6_watches.TestWatchDelete" name="test_delete_existing" time="0.090" /><testcase classname="backend.tests.test_iter6_watches.TestRegression" name="test_login" time="0.267" /><testcase classname="backend.tests.test_iter6_watches.TestRegression" name="test_products_public" time="0.051" /><testcase classname="backend.tests.test_iter6_watches.TestRegression" name="test_sellers_trending" time="0.047" /><testcase classname="backend.tests.test_iter6_watches.TestRegression" name="test_related_products" time="0.048" /><testcase classname="backend.tests.test_iter7_seller_profile.TestSellerProfile" name="test_route_ordering_trending_still_works" time="0.147" /><testcase classname="backend.tests.test_iter7_seller_profile.TestSellerProfile" name="test_get_seller_by_id_happy" time="0.108" /><testcase classname="backend.tests.test_iter7_seller_profile.TestSellerProfile" name="test_seed_seller_biz_salama_specific" time="0.056" /><testcase classname="backend.tests.test_iter7_seller_profile.TestSellerProfile" name="test_get_seller_unknown_404" time="0.047" /><testcase classname="backend.tests.test_iter7_seller_profile.TestRegression" name="test_login" time="0.274" /><testcase classname="backend.tests.test_iter7_seller_profile.TestRegression" name="test_products_public" time="0.054" /><testcase classname="backend.tests.test_iter7_seller_profile.TestRegression" name="test_products_related" time="0.105" /><testcase classname="backend.tests.test_iter7_seller_profile.TestRegression" name="test_watches_smoke" time="0.375" /></testsuite></testsuites>