<?xml version="1.0" encoding="utf-8"?><testsuites name="pytest tests"><testsuite name="pytest" errors="0" failures="0" skipped="0" tests="15" time="5.427" timestamp="2026-04-25T20:16:41.218063+00:00" hostname="agent-env-6ca1f863-99f9-4a0a-9fc5-b9238be223ed"><testcase classname="backend.tests.test_iter6_watches.TestWatchesCRUD" name="test_create_watch" time="0.618" /><testcase classname="backend.tests.test_iter6_watches.TestWatchesCRUD" name="test_create_watch_idempotent" time="0.049" /><testcase classname="backend.tests.test_iter6_watches.TestWatchesCRUD" name="test_create_watch_unknown_product_404" time="0.050" /><testcase classname="backend.tests.test_iter6_watches.TestWatchesCRUD" name="test_create_watch_unauth" time="0.111" /><testcase classname="backend.tests.test_iter6_watches.TestWatchesCRUD" name="test_check_watch_true" time="0.054" /><testcase classname="backend.tests.test_iter6_watches.TestWatchesCRUD" name="test_check_watch_false" time="0.058" /><testcase classname="backend.tests.test_iter6_watches.TestWatchesCRUD" name="test_list_watches_shape" time="0.050" /><testcase classname="backend.tests.test_iter6_watches.TestPriceDropFanOut" name="test_alert_appended_when_cheaper_listed" time="1.104" /><testcase classname="backend.tests.test_iter6_watches.TestPriceDropFanOut" name="test_no_alert_when_not_cheaper" time="2.647" /><testcase classname="backend.tests.test_iter6_watches.TestWatchDelete" name="test_delete_unknown_404" time="0.048" /><testcase classname="backend.tests.test_iter6_watches.TestWatchDelete" name="test_delete_existing" time="0.102" /><testcase classname="backend.tests.test_iter6_watches.TestRegression" name="test_login" time="0.273" /><testcase classname="backend.tests.test_iter6_watches.TestRegression" name="test_products_public" time="0.056" /><testcase classname="backend.tests.test_iter6_watches.TestRegression" name="test_sellers_trending" time="0.050" /><testcase classname="backend.tests.test_iter6_watches.TestRegression" name="test_related_products" time="0.050" /></testsuite></testsuites>