<?xml version="1.0" encoding="utf-8"?><testsuites name="pytest tests"><testsuite name="pytest" errors="0" failures="0" skipped="0" tests="15" time="3.447" timestamp="2026-05-21T09:14:13.277546+00:00" hostname="agent-env-6ca1f863-99f9-4a0a-9fc5-b9238be223ed"><testcase classname="backend.tests.test_iter15_bulk_csv.TestBulkCsvImport" name="test_01_happy_path_three_fresh_rows" time="0.507" /><testcase classname="backend.tests.test_iter15_bulk_csv.TestBulkCsvImport" name="test_02_mixed_valid_invalid_duplicate" time="0.110" /><testcase classname="backend.tests.test_iter15_bulk_csv.TestBulkCsvImport" name="test_03_missing_required_header" time="0.109" /><testcase classname="backend.tests.test_iter15_bulk_csv.TestBulkCsvImport" name="test_04_empty_csv_text" time="0.135" /><testcase classname="backend.tests.test_iter15_bulk_csv.TestBulkCsvImport" name="test_04b_whitespace_csv_text" time="0.108" /><testcase classname="backend.tests.test_iter15_bulk_csv.TestBulkCsvImport" name="test_05_oversized_csv_text" time="0.429" /><testcase classname="backend.tests.test_iter15_bulk_csv.TestBulkCsvImport" name="test_06_nonadmin_forbidden" time="0.437" /><testcase classname="backend.tests.test_iter15_bulk_csv.TestBulkCsvImport" name="test_07_unauthenticated" time="0.102" /><testcase classname="backend.tests.test_iter15_bulk_csv.TestBulkCsvImport" name="test_08_case_insensitive_headers" time="0.108" /><testcase classname="backend.tests.test_iter15_bulk_csv.TestBulkCsvImport" name="test_09_created_visible_in_list" time="0.100" /><testcase classname="backend.tests.test_iter15_bulk_csv.TestRegression" name="test_10_single_row_post" time="0.133" /><testcase classname="backend.tests.test_iter15_bulk_csv.TestRegression" name="test_11_get_sellers" time="0.104" /><testcase classname="backend.tests.test_iter15_bulk_csv.TestRegression" name="test_12_patch_seller" time="0.115" /><testcase classname="backend.tests.test_iter15_bulk_csv.TestRegression" name="test_13_resend_link" time="0.101" /><testcase classname="backend.tests.test_iter15_bulk_csv.TestRegression" name="test_14_set_password_with_token" time="0.763" /></testsuite></testsuites>