<?xml version="1.0" encoding="utf-8"?><testsuites name="pytest tests"><testsuite name="pytest" errors="0" failures="0" skipped="0" tests="30" time="5.865" timestamp="2026-04-24T09:48:45.579354+00:00" hostname="agent-env-6ca1f863-99f9-4a0a-9fc5-b9238be223ed"><testcase classname="backend.tests.test_iter4_phone_pwa.TestRegisterValidFormats" name="test_register_valid_formats_canonicalise[phone_fmt0]" time="0.383" /><testcase classname="backend.tests.test_iter4_phone_pwa.TestRegisterValidFormats" name="test_register_valid_formats_canonicalise[phone_fmt1]" time="0.274" /><testcase classname="backend.tests.test_iter4_phone_pwa.TestRegisterValidFormats" name="test_register_valid_formats_canonicalise[phone_fmt2]" time="0.273" /><testcase classname="backend.tests.test_iter4_phone_pwa.TestRegisterValidFormats" name="test_register_valid_formats_canonicalise[phone_fmt3]" time="0.271" /><testcase classname="backend.tests.test_iter4_phone_pwa.TestRegisterValidFormats" name="test_register_valid_formats_canonicalise[phone_fmt4]" time="0.272" /><testcase classname="backend.tests.test_iter4_phone_pwa.TestRegisterInvalidFormats" name="test_invalid_phone_rejected[12345]" time="0.055" /><testcase classname="backend.tests.test_iter4_phone_pwa.TestRegisterInvalidFormats" name="test_invalid_phone_rejected[abcd]" time="0.051" /><testcase classname="backend.tests.test_iter4_phone_pwa.TestRegisterInvalidFormats" name="test_invalid_phone_rejected[0512345678]" time="0.046" /><testcase classname="backend.tests.test_iter4_phone_pwa.TestRegisterInvalidFormats" name="test_invalid_phone_rejected[0712345]" time="0.048" /><testcase classname="backend.tests.test_iter4_phone_pwa.TestRegisterInvalidFormats" name="test_invalid_phone_rejected[07123456789]" time="0.056" /><testcase classname="backend.tests.test_iter4_phone_pwa.TestRegisterInvalidFormats" name="test_invalid_phone_rejected[073661111222]" time="0.045" /><testcase classname="backend.tests.test_iter4_phone_pwa.TestRegisterInvalidFormats" name="test_empty_phone_and_no_email_rejected" time="0.048" /><testcase classname="backend.tests.test_iter4_phone_pwa.TestLoginPhoneNormalization" name="test_login_three_formats_same_user" time="1.350" /><testcase classname="backend.tests.test_iter4_phone_pwa.TestLoginInvalidPhone" name="test_invalid_phone_returns_400" time="0.048" /><testcase classname="backend.tests.test_iter4_phone_pwa.TestLoginInvalidPhone" name="test_stray_12digit_phone_400" time="0.073" /><testcase classname="backend.tests.test_iter4_phone_pwa.TestPrimaryTestUserLogin" name="test_primary_login_formats[+255712345678]" time="0.271" /><testcase classname="backend.tests.test_iter4_phone_pwa.TestPrimaryTestUserLogin" name="test_primary_login_formats[0712345678]" time="0.272" /><testcase classname="backend.tests.test_iter4_phone_pwa.TestPrimaryTestUserLogin" name="test_primary_login_formats[712345678]" time="0.269" /><testcase classname="backend.tests.test_iter4_phone_pwa.TestPrimaryTestUserLogin" name="test_wrong_password_401" time="0.271" /><testcase classname="backend.tests.test_iter4_phone_pwa.TestLegacyPhoneMigration" name="test_all_active_users_have_canonical_phone_via_probe" time="0.816" /><testcase classname="backend.tests.test_iter4_phone_pwa.TestPWAIcons" name="test_logo192_is_gold" time="0.063" /><testcase classname="backend.tests.test_iter4_phone_pwa.TestPWAIcons" name="test_logo512_is_gold" time="0.055" /><testcase classname="backend.tests.test_iter4_phone_pwa.TestPWAIcons" name="test_apple_touch_icon_present" time="0.050" /><testcase classname="backend.tests.test_iter4_phone_pwa.TestPWAIcons" name="test_favicon_present" time="0.048" /><testcase classname="backend.tests.test_iter4_phone_pwa.TestManifest" name="test_manifest_values" time="0.046" /><testcase classname="backend.tests.test_iter4_phone_pwa.TestCORSPreflight" name="test_preflight_login_from_production" time="0.088" /><testcase classname="backend.tests.test_iter4_phone_pwa.TestSmokeRegression" name="test_voice_listed_products" time="0.052" /><testcase classname="backend.tests.test_iter4_phone_pwa.TestSmokeRegression" name="test_marketplace_seed" time="0.109" /><testcase classname="backend.tests.test_iter4_phone_pwa.TestSmokeRegression" name="test_three_party_verify_public" time="0.049" /><testcase classname="backend.tests.test_iter4_phone_pwa.TestSmokeRegression" name="test_seo_prerender_sitemap" time="0.052" /></testsuite></testsuites>