<?xml version="1.0" encoding="utf-8"?><testsuites name="pytest tests"><testsuite name="pytest" errors="0" failures="0" skipped="0" tests="15" time="4.520" timestamp="2026-04-24T06:19:43.426544+00:00" hostname="agent-env-6ca1f863-99f9-4a0a-9fc5-b9238be223ed"><testcase classname="backend.tests.test_biz_salama" name="test_login_phone_format_matrix[+255712345678]" time="0.439" /><testcase classname="backend.tests.test_biz_salama" name="test_login_phone_format_matrix[255712345678]" time="0.273" /><testcase classname="backend.tests.test_biz_salama" name="test_login_phone_format_matrix[0712345678]" time="0.275" /><testcase classname="backend.tests.test_biz_salama" name="test_login_phone_format_matrix[712345678]" time="0.274" /><testcase classname="backend.tests.test_biz_salama" name="test_login_phone_format_matrix[+255 712 345 678]" time="0.273" /><testcase classname="backend.tests.test_biz_salama" name="test_login_wrong_password" time="0.273" /><testcase classname="backend.tests.test_biz_salama" name="test_register_and_relogin_different_format" time="0.548" /><testcase classname="backend.tests.test_biz_salama" name="test_og_image_served" time="0.168" /><testcase classname="backend.tests.test_biz_salama" name="test_public_verify_minimal_view" time="0.449" /><testcase classname="backend.tests.test_biz_salama" name="test_supplier_verify_view" time="0.132" /><testcase classname="backend.tests.test_biz_salama" name="test_buyer_verify_view" time="0.109" /><testcase classname="backend.tests.test_biz_salama" name="test_counter_offer_transitions_status" time="0.170" /><testcase classname="backend.tests.test_biz_salama" name="test_edit_resets_pending_and_recomputes" time="0.510" /><testcase classname="backend.tests.test_biz_salama" name="test_accept_creates_scrubbed_snapshot" time="0.181" /><testcase classname="backend.tests.test_biz_salama" name="test_fee_invariant" time="0.328" /></testsuite></testsuites>